2020-03-31 01:30:09 CarinaListener [INFO] 
============= Test configuration =============
url={must_override}
env=
env_arg_resolver=com.qaprosoft.carina.core.foundation.utils.DefaultEnvArgResolver
browser=
browser_version=
browser_language=
selenium_host={must_override}
driver_event_listeners=
max_driver_count=3
custom_capabilities=
chrome_args=
chrome_experimental_opts=
chrome_mobile_emulation_opts=
firefox_args=
firefox_preferences=
app_version=
proxy_host=
proxy_port=
proxy_protocols=http,https,ftp
no_proxy=
browsermob_proxy=false
browsermob_host=
browsermob_port=0
browsermob_ports_range=
browsermob_disabled_mitm=false
proxy_set_to_system=false
report_url={must_override}
email_list={must_override}
failure_email_list=
track_known_issues=false
auto_screenshot=true
explicit_timeout=20
auto_download=false
auto_download_apps=
custom_artifacts_folder=
retry_interval=5
project_report_directory=../reports/qa
max_screen_history=10
max_log_file_size=150
result_sorting=true
big_screen_width=-1
big_screen_height=-1
small_screen_width=90
small_screen_height=60
init_retry_count=0
init_retry_interval=1
retry_count=0
enable_l10n=true
l10n_encoding=ISO-8859-1
locale=en_US
enable_i18n=true
language=en_US
thread_count=-1
data_provider_thread_count=-1
core_log_level=INFO
core_log_packages=com.qaprosoft.carina.core
artifacts_expiration_seconds=2592000
log_all_json=true
date_format=HH:mm:ss yyyy-MM-dd
time_format=HH:mm:ss
suite_name=
jira_updater=com.qaprosoft.carina.core.foundation.jira.DefaultJiraUpdater
jira_url=
jira_user=
jira_password=
jira_suite_id=
jira_project=
jira_project_short=
jira_create_new_ticket=false
test_naming_pattern={method_name}
testrail_run_name=
testrail_milestone=
testrail_assignee=
qtest_cycle_name=DailyAutomation
qtest_suite_name=
s3_bucket_name=
access_key_id=
secret_key=
s3_use_presign_url=false
s3_local_storage=.
appcenter_token=
appcenter_local_storage=.
add_new_localization=false
add_new_localization_encoding=utf-8
add_new_localization_path=
add_new_localization_property_name=new_custom_messages_
tls_keysecure_location=
health_check_class=
health_check_methods=
uninstall_related_apps=false
default_device_timezone=GMT
default_device_time_format=24
default_device_language=en_US
android_screen_record_size=
android_screen_record_bitrate=1000000
android_enable_bug_report=true
ios_screen_record_quality=MEDIUM
ios_screen_record_codec=libx264
ios_screen_record_fps=10
screen_record_duration=180
video_scale=-2:720
ignore_ssl=false
test_run_rules=
hub_mode=selenium
extract_sys_log=false
selenium_host={must_override}

------------- Driver capabilities -----------
================================================

2020-03-31 01:30:10 CarinaListener [INFO] Set thread_count=1
2020-03-31 01:30:10 CarinaListener [INFO] Set data_provider_thread_count=1
2020-03-31 01:30:10 CarinaListener [INFO] CARINA_CORE_VERSION: 6.3.31
2020-03-31 01:30:10 Messager [ERROR]  TEST [Default test - test] FAILED at [01:30:10 2020-03-31] - org.testng.internal.TestResult.getParameterIndex()I

com.qaprosoft.carina.core.foundation.utils.naming.TestNamingUtil.associateTestInfo2Thread(TestNamingUtil.java:48)
com.qaprosoft.carina.core.foundation.listeners.AbstractTestListener.startItem(AbstractTestListener.java:58)
com.qaprosoft.carina.core.foundation.listeners.AbstractTestListener.onTestStart(AbstractTestListener.java:294)
com.qaprosoft.carina.core.foundation.listeners.CarinaListener.onTestStart(CarinaListener.java:315)
org.testng.internal.Invoker.runTestListeners(Invoker.java:1695)
org.testng.internal.Invoker.runTestListeners(Invoker.java:1670)
org.testng.internal.Invoker.invokeMethod(Invoker.java:615)
org.testng.internal.Invoker.invokeTestMethod(Invoker.java:816)
org.testng.internal.Invoker.invokeTestMethods(Invoker.java:1124)
org.testng.internal.TestMethodWorker.invokeTestMethods(TestMethodWorker.java:125)
org.testng.internal.TestMethodWorker.run(TestMethodWorker.java:108)
org.testng.TestRunner.privateRun(TestRunner.java:774)
org.testng.TestRunner.run(TestRunner.java:624)
org.testng.SuiteRunner.runTest(SuiteRunner.java:359)
org.testng.SuiteRunner.runSequentially(SuiteRunner.java:354)
org.testng.SuiteRunner.privateRun(SuiteRunner.java:312)
org.testng.SuiteRunner.run(SuiteRunner.java:261)
org.testng.SuiteRunnerWorker.runSuite(SuiteRunnerWorker.java:52)
org.testng.SuiteRunnerWorker.run(SuiteRunnerWorker.java:86)
org.testng.TestNG.runSuitesSequentially(TestNG.java:1215)
org.testng.TestNG.runSuitesLocally(TestNG.java:1140)
org.testng.TestNG.run(TestNG.java:1048)
org.testng.remote.AbstractRemoteTestNG.run(AbstractRemoteTestNG.java:115)
org.testng.remote.RemoteTestNG.initAndRun(RemoteTestNG.java:251)
org.testng.remote.RemoteTestNG.main(RemoteTestNG.java:77)
2020-03-31 01:30:10 CryptoTool [ERROR] File '.\src\main\resources\crypto.key' does not exist
java.io.FileNotFoundException: File '.\src\main\resources\crypto.key' does not exist
	at org.apache.commons.io.FileUtils.openInputStream(FileUtils.java:292)
	at org.apache.commons.io.FileUtils.readFileToByteArray(FileUtils.java:1815)
	at com.qaprosoft.carina.core.foundation.crypto.SecretKeyManager.loadKey(SecretKeyManager.java:44)
	at com.qaprosoft.carina.core.foundation.crypto.CryptoTool.<init>(CryptoTool.java:65)
	at com.qaprosoft.carina.core.foundation.crypto.CryptoTool.<init>(CryptoTool.java:58)
	at com.qaprosoft.carina.core.foundation.jira.Jira.<clinit>(Jira.java:59)
	at com.qaprosoft.carina.core.foundation.listeners.AbstractTestListener.createTestResult(AbstractTestListener.java:420)
	at com.qaprosoft.carina.core.foundation.listeners.AbstractTestListener.failItem(AbstractTestListener.java:92)
	at com.qaprosoft.carina.core.foundation.listeners.AbstractTestListener.onTestFailure(AbstractTestListener.java:338)
	at com.qaprosoft.carina.core.foundation.listeners.CarinaListener.onTestFailure(CarinaListener.java:328)
	at org.testng.internal.Invoker.runTestListeners(Invoker.java:1686)
	at org.testng.internal.Invoker.runTestListeners(Invoker.java:1670)
	at org.testng.internal.Invoker.invokeMethod(Invoker.java:696)
	at org.testng.internal.Invoker.invokeTestMethod(Invoker.java:816)
	at org.testng.internal.Invoker.invokeTestMethods(Invoker.java:1124)
	at org.testng.internal.TestMethodWorker.invokeTestMethods(TestMethodWorker.java:125)
	at org.testng.internal.TestMethodWorker.run(TestMethodWorker.java:108)
	at org.testng.TestRunner.privateRun(TestRunner.java:774)
	at org.testng.TestRunner.run(TestRunner.java:624)
	at org.testng.SuiteRunner.runTest(SuiteRunner.java:359)
	at org.testng.SuiteRunner.runSequentially(SuiteRunner.java:354)
	at org.testng.SuiteRunner.privateRun(SuiteRunner.java:312)
	at org.testng.SuiteRunner.run(SuiteRunner.java:261)
	at org.testng.SuiteRunnerWorker.runSuite(SuiteRunnerWorker.java:52)
	at org.testng.SuiteRunnerWorker.run(SuiteRunnerWorker.java:86)
	at org.testng.TestNG.runSuitesSequentially(TestNG.java:1215)
	at org.testng.TestNG.runSuitesLocally(TestNG.java:1140)
	at org.testng.TestNG.run(TestNG.java:1048)
	at org.testng.remote.AbstractRemoteTestNG.run(AbstractRemoteTestNG.java:115)
	at org.testng.remote.RemoteTestNG.initAndRun(RemoteTestNG.java:251)
	at org.testng.remote.RemoteTestNG.main(RemoteTestNG.java:77)
2020-03-31 01:30:11 Messager [ERROR]  TEST [Default test - test] FAILED at [01:30:11 2020-03-31] - org.testng.internal.TestResult.getParameterIndex()I

com.qaprosoft.carina.core.foundation.utils.naming.TestNamingUtil.associateTestInfo2Thread(TestNamingUtil.java:48)
com.qaprosoft.carina.core.foundation.listeners.AbstractTestListener.startItem(AbstractTestListener.java:58)
com.qaprosoft.carina.core.foundation.listeners.AbstractTestListener.onTestStart(AbstractTestListener.java:294)
com.qaprosoft.carina.core.foundation.listeners.CarinaListener.onTestStart(CarinaListener.java:315)
org.testng.internal.Invoker.runTestListeners(Invoker.java:1695)
org.testng.internal.Invoker.runTestListeners(Invoker.java:1670)
org.testng.internal.Invoker.invokeMethod(Invoker.java:615)
org.testng.internal.Invoker.invokeTestMethod(Invoker.java:816)
org.testng.internal.Invoker.invokeTestMethods(Invoker.java:1124)
org.testng.internal.TestMethodWorker.invokeTestMethods(TestMethodWorker.java:125)
org.testng.internal.TestMethodWorker.run(TestMethodWorker.java:108)
org.testng.TestRunner.privateRun(TestRunner.java:774)
org.testng.TestRunner.run(TestRunner.java:624)
org.testng.SuiteRunner.runTest(SuiteRunner.java:359)
org.testng.SuiteRunner.runSequentially(SuiteRunner.java:354)
org.testng.SuiteRunner.privateRun(SuiteRunner.java:312)
org.testng.SuiteRunner.run(SuiteRunner.java:261)
org.testng.SuiteRunnerWorker.runSuite(SuiteRunnerWorker.java:52)
org.testng.SuiteRunnerWorker.run(SuiteRunnerWorker.java:86)
org.testng.TestNG.runSuitesSequentially(TestNG.java:1215)
org.testng.TestNG.runSuitesLocally(TestNG.java:1140)
org.testng.TestNG.run(TestNG.java:1048)
org.testng.remote.AbstractRemoteTestNG.run(AbstractRemoteTestNG.java:115)
org.testng.remote.RemoteTestNG.initAndRun(RemoteTestNG.java:251)
org.testng.remote.RemoteTestNG.main(RemoteTestNG.java:77)
2020-03-31 01:30:11 Messager [INFO] INFO: '**************** Test execution summary ****************'.
2020-03-31 01:30:11 Messager [INFO] RESULT #1: TEST [Default test - test] FAIL [log={must_override}/1585598409875/a3aeede3-e083-4d6c-a266-22698b5e3f23/test.log]
2020-03-31 01:45:50 CarinaListener [INFO] 
============= Test configuration =============
url={must_override}
env=
env_arg_resolver=com.qaprosoft.carina.core.foundation.utils.DefaultEnvArgResolver
browser=
browser_version=
browser_language=
selenium_host={must_override}
driver_event_listeners=
max_driver_count=3
custom_capabilities=
chrome_args=
chrome_experimental_opts=
chrome_mobile_emulation_opts=
firefox_args=
firefox_preferences=
app_version=
proxy_host=
proxy_port=
proxy_protocols=http,https,ftp
no_proxy=
browsermob_proxy=false
browsermob_host=
browsermob_port=0
browsermob_ports_range=
browsermob_disabled_mitm=false
proxy_set_to_system=false
report_url={must_override}
email_list={must_override}
failure_email_list=
track_known_issues=false
auto_screenshot=true
explicit_timeout=20
auto_download=false
auto_download_apps=
custom_artifacts_folder=
retry_interval=5
project_report_directory=../reports/qa
max_screen_history=10
max_log_file_size=150
result_sorting=true
big_screen_width=-1
big_screen_height=-1
small_screen_width=90
small_screen_height=60
init_retry_count=0
init_retry_interval=1
retry_count=0
enable_l10n=true
l10n_encoding=ISO-8859-1
locale=en_US
enable_i18n=true
language=en_US
thread_count=-1
data_provider_thread_count=-1
core_log_level=INFO
core_log_packages=com.qaprosoft.carina.core
artifacts_expiration_seconds=2592000
log_all_json=true
date_format=HH:mm:ss yyyy-MM-dd
time_format=HH:mm:ss
suite_name=
jira_updater=com.qaprosoft.carina.core.foundation.jira.DefaultJiraUpdater
jira_url=
jira_user=
jira_password=
jira_suite_id=
jira_project=
jira_project_short=
jira_create_new_ticket=false
test_naming_pattern={method_name}
testrail_run_name=
testrail_milestone=
testrail_assignee=
qtest_cycle_name=DailyAutomation
qtest_suite_name=
s3_bucket_name=
access_key_id=
secret_key=
s3_use_presign_url=false
s3_local_storage=.
appcenter_token=
appcenter_local_storage=.
add_new_localization=false
add_new_localization_encoding=utf-8
add_new_localization_path=
add_new_localization_property_name=new_custom_messages_
tls_keysecure_location=
health_check_class=
health_check_methods=
uninstall_related_apps=false
default_device_timezone=GMT
default_device_time_format=24
default_device_language=en_US
android_screen_record_size=
android_screen_record_bitrate=1000000
android_enable_bug_report=true
ios_screen_record_quality=MEDIUM
ios_screen_record_codec=libx264
ios_screen_record_fps=10
screen_record_duration=180
video_scale=-2:720
ignore_ssl=false
test_run_rules=
hub_mode=selenium
extract_sys_log=false
selenium_host={must_override}

------------- Driver capabilities -----------
================================================

2020-03-31 01:45:50 CarinaListener [INFO] Set thread_count=1
2020-03-31 01:45:50 CarinaListener [INFO] Set data_provider_thread_count=1
2020-03-31 01:45:50 CarinaListener [INFO] CARINA_CORE_VERSION: 6.3.31
2020-03-31 01:45:50 Messager [ERROR]  TEST [Default test - test] FAILED at [01:45:50 2020-03-31] - org.testng.internal.TestResult.getParameterIndex()I

com.qaprosoft.carina.core.foundation.utils.naming.TestNamingUtil.associateTestInfo2Thread(TestNamingUtil.java:48)
com.qaprosoft.carina.core.foundation.listeners.AbstractTestListener.startItem(AbstractTestListener.java:58)
com.qaprosoft.carina.core.foundation.listeners.AbstractTestListener.onTestStart(AbstractTestListener.java:294)
com.qaprosoft.carina.core.foundation.listeners.CarinaListener.onTestStart(CarinaListener.java:315)
org.testng.internal.Invoker.runTestListeners(Invoker.java:1695)
org.testng.internal.Invoker.runTestListeners(Invoker.java:1670)
org.testng.internal.Invoker.invokeMethod(Invoker.java:615)
org.testng.internal.Invoker.invokeTestMethod(Invoker.java:816)
org.testng.internal.Invoker.invokeTestMethods(Invoker.java:1124)
org.testng.internal.TestMethodWorker.invokeTestMethods(TestMethodWorker.java:125)
org.testng.internal.TestMethodWorker.run(TestMethodWorker.java:108)
org.testng.TestRunner.privateRun(TestRunner.java:774)
org.testng.TestRunner.run(TestRunner.java:624)
org.testng.SuiteRunner.runTest(SuiteRunner.java:359)
org.testng.SuiteRunner.runSequentially(SuiteRunner.java:354)
org.testng.SuiteRunner.privateRun(SuiteRunner.java:312)
org.testng.SuiteRunner.run(SuiteRunner.java:261)
org.testng.SuiteRunnerWorker.runSuite(SuiteRunnerWorker.java:52)
org.testng.SuiteRunnerWorker.run(SuiteRunnerWorker.java:86)
org.testng.TestNG.runSuitesSequentially(TestNG.java:1215)
org.testng.TestNG.runSuitesLocally(TestNG.java:1140)
org.testng.TestNG.run(TestNG.java:1048)
org.testng.remote.AbstractRemoteTestNG.run(AbstractRemoteTestNG.java:115)
org.testng.remote.RemoteTestNG.initAndRun(RemoteTestNG.java:251)
org.testng.remote.RemoteTestNG.main(RemoteTestNG.java:77)
2020-03-31 01:45:50 CryptoTool [ERROR] File '.\src\main\resources\crypto.key' does not exist
java.io.FileNotFoundException: File '.\src\main\resources\crypto.key' does not exist
	at org.apache.commons.io.FileUtils.openInputStream(FileUtils.java:292)
	at org.apache.commons.io.FileUtils.readFileToByteArray(FileUtils.java:1815)
	at com.qaprosoft.carina.core.foundation.crypto.SecretKeyManager.loadKey(SecretKeyManager.java:44)
	at com.qaprosoft.carina.core.foundation.crypto.CryptoTool.<init>(CryptoTool.java:65)
	at com.qaprosoft.carina.core.foundation.crypto.CryptoTool.<init>(CryptoTool.java:58)
	at com.qaprosoft.carina.core.foundation.jira.Jira.<clinit>(Jira.java:59)
	at com.qaprosoft.carina.core.foundation.listeners.AbstractTestListener.createTestResult(AbstractTestListener.java:420)
	at com.qaprosoft.carina.core.foundation.listeners.AbstractTestListener.failItem(AbstractTestListener.java:92)
	at com.qaprosoft.carina.core.foundation.listeners.AbstractTestListener.onTestFailure(AbstractTestListener.java:338)
	at com.qaprosoft.carina.core.foundation.listeners.CarinaListener.onTestFailure(CarinaListener.java:328)
	at org.testng.internal.Invoker.runTestListeners(Invoker.java:1686)
	at org.testng.internal.Invoker.runTestListeners(Invoker.java:1670)
	at org.testng.internal.Invoker.invokeMethod(Invoker.java:696)
	at org.testng.internal.Invoker.invokeTestMethod(Invoker.java:816)
	at org.testng.internal.Invoker.invokeTestMethods(Invoker.java:1124)
	at org.testng.internal.TestMethodWorker.invokeTestMethods(TestMethodWorker.java:125)
	at org.testng.internal.TestMethodWorker.run(TestMethodWorker.java:108)
	at org.testng.TestRunner.privateRun(TestRunner.java:774)
	at org.testng.TestRunner.run(TestRunner.java:624)
	at org.testng.SuiteRunner.runTest(SuiteRunner.java:359)
	at org.testng.SuiteRunner.runSequentially(SuiteRunner.java:354)
	at org.testng.SuiteRunner.privateRun(SuiteRunner.java:312)
	at org.testng.SuiteRunner.run(SuiteRunner.java:261)
	at org.testng.SuiteRunnerWorker.runSuite(SuiteRunnerWorker.java:52)
	at org.testng.SuiteRunnerWorker.run(SuiteRunnerWorker.java:86)
	at org.testng.TestNG.runSuitesSequentially(TestNG.java:1215)
	at org.testng.TestNG.runSuitesLocally(TestNG.java:1140)
	at org.testng.TestNG.run(TestNG.java:1048)
	at org.testng.remote.AbstractRemoteTestNG.run(AbstractRemoteTestNG.java:115)
	at org.testng.remote.RemoteTestNG.initAndRun(RemoteTestNG.java:251)
	at org.testng.remote.RemoteTestNG.main(RemoteTestNG.java:77)
2020-03-31 01:45:51 Messager [ERROR]  TEST [Default test - test] FAILED at [01:45:51 2020-03-31] - org.testng.internal.TestResult.getParameterIndex()I

com.qaprosoft.carina.core.foundation.utils.naming.TestNamingUtil.associateTestInfo2Thread(TestNamingUtil.java:48)
com.qaprosoft.carina.core.foundation.listeners.AbstractTestListener.startItem(AbstractTestListener.java:58)
com.qaprosoft.carina.core.foundation.listeners.AbstractTestListener.onTestStart(AbstractTestListener.java:294)
com.qaprosoft.carina.core.foundation.listeners.CarinaListener.onTestStart(CarinaListener.java:315)
org.testng.internal.Invoker.runTestListeners(Invoker.java:1695)
org.testng.internal.Invoker.runTestListeners(Invoker.java:1670)
org.testng.internal.Invoker.invokeMethod(Invoker.java:615)
org.testng.internal.Invoker.invokeTestMethod(Invoker.java:816)
org.testng.internal.Invoker.invokeTestMethods(Invoker.java:1124)
org.testng.internal.TestMethodWorker.invokeTestMethods(TestMethodWorker.java:125)
org.testng.internal.TestMethodWorker.run(TestMethodWorker.java:108)
org.testng.TestRunner.privateRun(TestRunner.java:774)
org.testng.TestRunner.run(TestRunner.java:624)
org.testng.SuiteRunner.runTest(SuiteRunner.java:359)
org.testng.SuiteRunner.runSequentially(SuiteRunner.java:354)
org.testng.SuiteRunner.privateRun(SuiteRunner.java:312)
org.testng.SuiteRunner.run(SuiteRunner.java:261)
org.testng.SuiteRunnerWorker.runSuite(SuiteRunnerWorker.java:52)
org.testng.SuiteRunnerWorker.run(SuiteRunnerWorker.java:86)
org.testng.TestNG.runSuitesSequentially(TestNG.java:1215)
org.testng.TestNG.runSuitesLocally(TestNG.java:1140)
org.testng.TestNG.run(TestNG.java:1048)
org.testng.remote.AbstractRemoteTestNG.run(AbstractRemoteTestNG.java:115)
org.testng.remote.RemoteTestNG.initAndRun(RemoteTestNG.java:251)
org.testng.remote.RemoteTestNG.main(RemoteTestNG.java:77)
2020-03-31 01:45:51 Messager [INFO] INFO: '**************** Test execution summary ****************'.
2020-03-31 01:45:51 Messager [INFO] RESULT #1: TEST [Default test - test] FAIL [log={must_override}/1585599350409/ece2722d-1d22-4461-bb0e-53f5c26595af/test.log]
2020-03-31 01:51:30 CarinaListener [INFO] 
============= Test configuration =============
url={must_override}
env=
env_arg_resolver=com.qaprosoft.carina.core.foundation.utils.DefaultEnvArgResolver
browser=
browser_version=
browser_language=
selenium_host={must_override}
driver_event_listeners=
max_driver_count=3
custom_capabilities=
chrome_args=
chrome_experimental_opts=
chrome_mobile_emulation_opts=
firefox_args=
firefox_preferences=
app_version=
proxy_host=
proxy_port=
proxy_protocols=http,https,ftp
no_proxy=
browsermob_proxy=false
browsermob_host=
browsermob_port=0
browsermob_ports_range=
browsermob_disabled_mitm=false
proxy_set_to_system=false
report_url={must_override}
email_list={must_override}
failure_email_list=
track_known_issues=false
auto_screenshot=true
explicit_timeout=20
auto_download=false
auto_download_apps=
custom_artifacts_folder=
retry_interval=5
project_report_directory=../reports/qa
max_screen_history=10
max_log_file_size=150
result_sorting=true
big_screen_width=-1
big_screen_height=-1
small_screen_width=90
small_screen_height=60
init_retry_count=0
init_retry_interval=1
retry_count=0
enable_l10n=true
l10n_encoding=ISO-8859-1
locale=en_US
enable_i18n=true
language=en_US
thread_count=-1
data_provider_thread_count=-1
core_log_level=INFO
core_log_packages=com.qaprosoft.carina.core
artifacts_expiration_seconds=2592000
log_all_json=true
date_format=HH:mm:ss yyyy-MM-dd
time_format=HH:mm:ss
suite_name=
jira_updater=com.qaprosoft.carina.core.foundation.jira.DefaultJiraUpdater
jira_url=
jira_user=
jira_password=
jira_suite_id=
jira_project=
jira_project_short=
jira_create_new_ticket=false
test_naming_pattern={method_name}
testrail_run_name=
testrail_milestone=
testrail_assignee=
qtest_cycle_name=DailyAutomation
qtest_suite_name=
s3_bucket_name=
access_key_id=
secret_key=
s3_use_presign_url=false
s3_local_storage=.
appcenter_token=
appcenter_local_storage=.
add_new_localization=false
add_new_localization_encoding=utf-8
add_new_localization_path=
add_new_localization_property_name=new_custom_messages_
tls_keysecure_location=
health_check_class=
health_check_methods=
uninstall_related_apps=false
default_device_timezone=GMT
default_device_time_format=24
default_device_language=en_US
android_screen_record_size=
android_screen_record_bitrate=1000000
android_enable_bug_report=true
ios_screen_record_quality=MEDIUM
ios_screen_record_codec=libx264
ios_screen_record_fps=10
screen_record_duration=180
video_scale=-2:720
ignore_ssl=false
test_run_rules=
hub_mode=selenium
extract_sys_log=false
selenium_host={must_override}

------------- Driver capabilities -----------
================================================

2020-03-31 01:51:30 CarinaListener [INFO] Set thread_count=1
2020-03-31 01:51:30 CarinaListener [INFO] Set data_provider_thread_count=1
2020-03-31 01:51:30 CarinaListener [INFO] CARINA_CORE_VERSION: 6.3.31
2020-03-31 01:51:30 Messager [ERROR]  TEST [Default test - test] FAILED at [01:51:30 2020-03-31] - org.testng.internal.TestResult.getParameterIndex()I

com.qaprosoft.carina.core.foundation.utils.naming.TestNamingUtil.associateTestInfo2Thread(TestNamingUtil.java:48)
com.qaprosoft.carina.core.foundation.listeners.AbstractTestListener.startItem(AbstractTestListener.java:58)
com.qaprosoft.carina.core.foundation.listeners.AbstractTestListener.onTestStart(AbstractTestListener.java:294)
com.qaprosoft.carina.core.foundation.listeners.CarinaListener.onTestStart(CarinaListener.java:315)
org.testng.internal.Invoker.runTestListeners(Invoker.java:1695)
org.testng.internal.Invoker.runTestListeners(Invoker.java:1670)
org.testng.internal.Invoker.invokeMethod(Invoker.java:615)
org.testng.internal.Invoker.invokeTestMethod(Invoker.java:816)
org.testng.internal.Invoker.invokeTestMethods(Invoker.java:1124)
org.testng.internal.TestMethodWorker.invokeTestMethods(TestMethodWorker.java:125)
org.testng.internal.TestMethodWorker.run(TestMethodWorker.java:108)
org.testng.TestRunner.privateRun(TestRunner.java:774)
org.testng.TestRunner.run(TestRunner.java:624)
org.testng.SuiteRunner.runTest(SuiteRunner.java:359)
org.testng.SuiteRunner.runSequentially(SuiteRunner.java:354)
org.testng.SuiteRunner.privateRun(SuiteRunner.java:312)
org.testng.SuiteRunner.run(SuiteRunner.java:261)
org.testng.SuiteRunnerWorker.runSuite(SuiteRunnerWorker.java:52)
org.testng.SuiteRunnerWorker.run(SuiteRunnerWorker.java:86)
org.testng.TestNG.runSuitesSequentially(TestNG.java:1215)
org.testng.TestNG.runSuitesLocally(TestNG.java:1140)
org.testng.TestNG.run(TestNG.java:1048)
org.testng.remote.AbstractRemoteTestNG.run(AbstractRemoteTestNG.java:115)
org.testng.remote.RemoteTestNG.initAndRun(RemoteTestNG.java:251)
org.testng.remote.RemoteTestNG.main(RemoteTestNG.java:77)
2020-03-31 01:51:30 CryptoTool [ERROR] File '.\src\main\resources\crypto.key' does not exist
java.io.FileNotFoundException: File '.\src\main\resources\crypto.key' does not exist
	at org.apache.commons.io.FileUtils.openInputStream(FileUtils.java:292)
	at org.apache.commons.io.FileUtils.readFileToByteArray(FileUtils.java:1815)
	at com.qaprosoft.carina.core.foundation.crypto.SecretKeyManager.loadKey(SecretKeyManager.java:44)
	at com.qaprosoft.carina.core.foundation.crypto.CryptoTool.<init>(CryptoTool.java:65)
	at com.qaprosoft.carina.core.foundation.crypto.CryptoTool.<init>(CryptoTool.java:58)
	at com.qaprosoft.carina.core.foundation.jira.Jira.<clinit>(Jira.java:59)
	at com.qaprosoft.carina.core.foundation.listeners.AbstractTestListener.createTestResult(AbstractTestListener.java:420)
	at com.qaprosoft.carina.core.foundation.listeners.AbstractTestListener.failItem(AbstractTestListener.java:92)
	at com.qaprosoft.carina.core.foundation.listeners.AbstractTestListener.onTestFailure(AbstractTestListener.java:338)
	at com.qaprosoft.carina.core.foundation.listeners.CarinaListener.onTestFailure(CarinaListener.java:328)
	at org.testng.internal.Invoker.runTestListeners(Invoker.java:1686)
	at org.testng.internal.Invoker.runTestListeners(Invoker.java:1670)
	at org.testng.internal.Invoker.invokeMethod(Invoker.java:696)
	at org.testng.internal.Invoker.invokeTestMethod(Invoker.java:816)
	at org.testng.internal.Invoker.invokeTestMethods(Invoker.java:1124)
	at org.testng.internal.TestMethodWorker.invokeTestMethods(TestMethodWorker.java:125)
	at org.testng.internal.TestMethodWorker.run(TestMethodWorker.java:108)
	at org.testng.TestRunner.privateRun(TestRunner.java:774)
	at org.testng.TestRunner.run(TestRunner.java:624)
	at org.testng.SuiteRunner.runTest(SuiteRunner.java:359)
	at org.testng.SuiteRunner.runSequentially(SuiteRunner.java:354)
	at org.testng.SuiteRunner.privateRun(SuiteRunner.java:312)
	at org.testng.SuiteRunner.run(SuiteRunner.java:261)
	at org.testng.SuiteRunnerWorker.runSuite(SuiteRunnerWorker.java:52)
	at org.testng.SuiteRunnerWorker.run(SuiteRunnerWorker.java:86)
	at org.testng.TestNG.runSuitesSequentially(TestNG.java:1215)
	at org.testng.TestNG.runSuitesLocally(TestNG.java:1140)
	at org.testng.TestNG.run(TestNG.java:1048)
	at org.testng.remote.AbstractRemoteTestNG.run(AbstractRemoteTestNG.java:115)
	at org.testng.remote.RemoteTestNG.initAndRun(RemoteTestNG.java:251)
	at org.testng.remote.RemoteTestNG.main(RemoteTestNG.java:77)
2020-03-31 01:51:31 Messager [ERROR]  TEST [Default test - test] FAILED at [01:51:31 2020-03-31] - org.testng.internal.TestResult.getParameterIndex()I

com.qaprosoft.carina.core.foundation.utils.naming.TestNamingUtil.associateTestInfo2Thread(TestNamingUtil.java:48)
com.qaprosoft.carina.core.foundation.listeners.AbstractTestListener.startItem(AbstractTestListener.java:58)
com.qaprosoft.carina.core.foundation.listeners.AbstractTestListener.onTestStart(AbstractTestListener.java:294)
com.qaprosoft.carina.core.foundation.listeners.CarinaListener.onTestStart(CarinaListener.java:315)
org.testng.internal.Invoker.runTestListeners(Invoker.java:1695)
org.testng.internal.Invoker.runTestListeners(Invoker.java:1670)
org.testng.internal.Invoker.invokeMethod(Invoker.java:615)
org.testng.internal.Invoker.invokeTestMethod(Invoker.java:816)
org.testng.internal.Invoker.invokeTestMethods(Invoker.java:1124)
org.testng.internal.TestMethodWorker.invokeTestMethods(TestMethodWorker.java:125)
org.testng.internal.TestMethodWorker.run(TestMethodWorker.java:108)
org.testng.TestRunner.privateRun(TestRunner.java:774)
org.testng.TestRunner.run(TestRunner.java:624)
org.testng.SuiteRunner.runTest(SuiteRunner.java:359)
org.testng.SuiteRunner.runSequentially(SuiteRunner.java:354)
org.testng.SuiteRunner.privateRun(SuiteRunner.java:312)
org.testng.SuiteRunner.run(SuiteRunner.java:261)
org.testng.SuiteRunnerWorker.runSuite(SuiteRunnerWorker.java:52)
org.testng.SuiteRunnerWorker.run(SuiteRunnerWorker.java:86)
org.testng.TestNG.runSuitesSequentially(TestNG.java:1215)
org.testng.TestNG.runSuitesLocally(TestNG.java:1140)
org.testng.TestNG.run(TestNG.java:1048)
org.testng.remote.AbstractRemoteTestNG.run(AbstractRemoteTestNG.java:115)
org.testng.remote.RemoteTestNG.initAndRun(RemoteTestNG.java:251)
org.testng.remote.RemoteTestNG.main(RemoteTestNG.java:77)
2020-03-31 01:51:31 Messager [INFO] INFO: '**************** Test execution summary ****************'.
2020-03-31 01:51:31 Messager [INFO] RESULT #1: TEST [Default test - test] FAIL [log={must_override}/1585599690453/f043feb2-16a5-4918-8f66-361a6f13f9bc/test.log]
2020-03-31 01:51:49 CarinaListener [INFO] 
============= Test configuration =============
url={must_override}
env=
env_arg_resolver=com.qaprosoft.carina.core.foundation.utils.DefaultEnvArgResolver
browser=
browser_version=
browser_language=
selenium_host={must_override}
driver_event_listeners=
max_driver_count=3
custom_capabilities=
chrome_args=
chrome_experimental_opts=
chrome_mobile_emulation_opts=
firefox_args=
firefox_preferences=
app_version=
proxy_host=
proxy_port=
proxy_protocols=http,https,ftp
no_proxy=
browsermob_proxy=false
browsermob_host=
browsermob_port=0
browsermob_ports_range=
browsermob_disabled_mitm=false
proxy_set_to_system=false
report_url={must_override}
email_list={must_override}
failure_email_list=
track_known_issues=false
auto_screenshot=true
explicit_timeout=20
auto_download=false
auto_download_apps=
custom_artifacts_folder=
retry_interval=5
project_report_directory=../reports/qa
max_screen_history=10
max_log_file_size=150
result_sorting=true
big_screen_width=-1
big_screen_height=-1
small_screen_width=90
small_screen_height=60
init_retry_count=0
init_retry_interval=1
retry_count=0
enable_l10n=true
l10n_encoding=ISO-8859-1
locale=en_US
enable_i18n=true
language=en_US
thread_count=-1
data_provider_thread_count=-1
core_log_level=INFO
core_log_packages=com.qaprosoft.carina.core
artifacts_expiration_seconds=2592000
log_all_json=true
date_format=HH:mm:ss yyyy-MM-dd
time_format=HH:mm:ss
suite_name=
jira_updater=com.qaprosoft.carina.core.foundation.jira.DefaultJiraUpdater
jira_url=
jira_user=
jira_password=
jira_suite_id=
jira_project=
jira_project_short=
jira_create_new_ticket=false
test_naming_pattern={method_name}
testrail_run_name=
testrail_milestone=
testrail_assignee=
qtest_cycle_name=DailyAutomation
qtest_suite_name=
s3_bucket_name=
access_key_id=
secret_key=
s3_use_presign_url=false
s3_local_storage=.
appcenter_token=
appcenter_local_storage=.
add_new_localization=false
add_new_localization_encoding=utf-8
add_new_localization_path=
add_new_localization_property_name=new_custom_messages_
tls_keysecure_location=
health_check_class=
health_check_methods=
uninstall_related_apps=false
default_device_timezone=GMT
default_device_time_format=24
default_device_language=en_US
android_screen_record_size=
android_screen_record_bitrate=1000000
android_enable_bug_report=true
ios_screen_record_quality=MEDIUM
ios_screen_record_codec=libx264
ios_screen_record_fps=10
screen_record_duration=180
video_scale=-2:720
ignore_ssl=false
test_run_rules=
hub_mode=selenium
extract_sys_log=false
selenium_host={must_override}

------------- Driver capabilities -----------
================================================

2020-03-31 01:51:49 CarinaListener [INFO] Set thread_count=1
2020-03-31 01:51:49 CarinaListener [INFO] Set data_provider_thread_count=1
2020-03-31 01:51:49 CarinaListener [INFO] CARINA_CORE_VERSION: 6.3.31
2020-03-31 01:51:50 Messager [ERROR]  TEST [Default test - test] FAILED at [01:51:50 2020-03-31] - org.testng.internal.TestResult.getParameterIndex()I

com.qaprosoft.carina.core.foundation.utils.naming.TestNamingUtil.associateTestInfo2Thread(TestNamingUtil.java:48)
com.qaprosoft.carina.core.foundation.listeners.AbstractTestListener.startItem(AbstractTestListener.java:58)
com.qaprosoft.carina.core.foundation.listeners.AbstractTestListener.onTestStart(AbstractTestListener.java:294)
com.qaprosoft.carina.core.foundation.listeners.CarinaListener.onTestStart(CarinaListener.java:315)
org.testng.internal.Invoker.runTestListeners(Invoker.java:1695)
org.testng.internal.Invoker.runTestListeners(Invoker.java:1670)
org.testng.internal.Invoker.invokeMethod(Invoker.java:615)
org.testng.internal.Invoker.invokeTestMethod(Invoker.java:816)
org.testng.internal.Invoker.invokeTestMethods(Invoker.java:1124)
org.testng.internal.TestMethodWorker.invokeTestMethods(TestMethodWorker.java:125)
org.testng.internal.TestMethodWorker.run(TestMethodWorker.java:108)
org.testng.TestRunner.privateRun(TestRunner.java:774)
org.testng.TestRunner.run(TestRunner.java:624)
org.testng.SuiteRunner.runTest(SuiteRunner.java:359)
org.testng.SuiteRunner.runSequentially(SuiteRunner.java:354)
org.testng.SuiteRunner.privateRun(SuiteRunner.java:312)
org.testng.SuiteRunner.run(SuiteRunner.java:261)
org.testng.SuiteRunnerWorker.runSuite(SuiteRunnerWorker.java:52)
org.testng.SuiteRunnerWorker.run(SuiteRunnerWorker.java:86)
org.testng.TestNG.runSuitesSequentially(TestNG.java:1215)
org.testng.TestNG.runSuitesLocally(TestNG.java:1140)
org.testng.TestNG.run(TestNG.java:1048)
org.testng.remote.AbstractRemoteTestNG.run(AbstractRemoteTestNG.java:115)
org.testng.remote.RemoteTestNG.initAndRun(RemoteTestNG.java:251)
org.testng.remote.RemoteTestNG.main(RemoteTestNG.java:77)
2020-03-31 01:51:50 CryptoTool [ERROR] File '.\src\main\resources\crypto.key' does not exist
java.io.FileNotFoundException: File '.\src\main\resources\crypto.key' does not exist
	at org.apache.commons.io.FileUtils.openInputStream(FileUtils.java:292)
	at org.apache.commons.io.FileUtils.readFileToByteArray(FileUtils.java:1815)
	at com.qaprosoft.carina.core.foundation.crypto.SecretKeyManager.loadKey(SecretKeyManager.java:44)
	at com.qaprosoft.carina.core.foundation.crypto.CryptoTool.<init>(CryptoTool.java:65)
	at com.qaprosoft.carina.core.foundation.crypto.CryptoTool.<init>(CryptoTool.java:58)
	at com.qaprosoft.carina.core.foundation.jira.Jira.<clinit>(Jira.java:59)
	at com.qaprosoft.carina.core.foundation.listeners.AbstractTestListener.createTestResult(AbstractTestListener.java:420)
	at com.qaprosoft.carina.core.foundation.listeners.AbstractTestListener.failItem(AbstractTestListener.java:92)
	at com.qaprosoft.carina.core.foundation.listeners.AbstractTestListener.onTestFailure(AbstractTestListener.java:338)
	at com.qaprosoft.carina.core.foundation.listeners.CarinaListener.onTestFailure(CarinaListener.java:328)
	at org.testng.internal.Invoker.runTestListeners(Invoker.java:1686)
	at org.testng.internal.Invoker.runTestListeners(Invoker.java:1670)
	at org.testng.internal.Invoker.invokeMethod(Invoker.java:696)
	at org.testng.internal.Invoker.invokeTestMethod(Invoker.java:816)
	at org.testng.internal.Invoker.invokeTestMethods(Invoker.java:1124)
	at org.testng.internal.TestMethodWorker.invokeTestMethods(TestMethodWorker.java:125)
	at org.testng.internal.TestMethodWorker.run(TestMethodWorker.java:108)
	at org.testng.TestRunner.privateRun(TestRunner.java:774)
	at org.testng.TestRunner.run(TestRunner.java:624)
	at org.testng.SuiteRunner.runTest(SuiteRunner.java:359)
	at org.testng.SuiteRunner.runSequentially(SuiteRunner.java:354)
	at org.testng.SuiteRunner.privateRun(SuiteRunner.java:312)
	at org.testng.SuiteRunner.run(SuiteRunner.java:261)
	at org.testng.SuiteRunnerWorker.runSuite(SuiteRunnerWorker.java:52)
	at org.testng.SuiteRunnerWorker.run(SuiteRunnerWorker.java:86)
	at org.testng.TestNG.runSuitesSequentially(TestNG.java:1215)
	at org.testng.TestNG.runSuitesLocally(TestNG.java:1140)
	at org.testng.TestNG.run(TestNG.java:1048)
	at org.testng.remote.AbstractRemoteTestNG.run(AbstractRemoteTestNG.java:115)
	at org.testng.remote.RemoteTestNG.initAndRun(RemoteTestNG.java:251)
	at org.testng.remote.RemoteTestNG.main(RemoteTestNG.java:77)
2020-03-31 01:51:50 Messager [ERROR]  TEST [Default test - test] FAILED at [01:51:50 2020-03-31] - org.testng.internal.TestResult.getParameterIndex()I

com.qaprosoft.carina.core.foundation.utils.naming.TestNamingUtil.associateTestInfo2Thread(TestNamingUtil.java:48)
com.qaprosoft.carina.core.foundation.listeners.AbstractTestListener.startItem(AbstractTestListener.java:58)
com.qaprosoft.carina.core.foundation.listeners.AbstractTestListener.onTestStart(AbstractTestListener.java:294)
com.qaprosoft.carina.core.foundation.listeners.CarinaListener.onTestStart(CarinaListener.java:315)
org.testng.internal.Invoker.runTestListeners(Invoker.java:1695)
org.testng.internal.Invoker.runTestListeners(Invoker.java:1670)
org.testng.internal.Invoker.invokeMethod(Invoker.java:615)
org.testng.internal.Invoker.invokeTestMethod(Invoker.java:816)
org.testng.internal.Invoker.invokeTestMethods(Invoker.java:1124)
org.testng.internal.TestMethodWorker.invokeTestMethods(TestMethodWorker.java:125)
org.testng.internal.TestMethodWorker.run(TestMethodWorker.java:108)
org.testng.TestRunner.privateRun(TestRunner.java:774)
org.testng.TestRunner.run(TestRunner.java:624)
org.testng.SuiteRunner.runTest(SuiteRunner.java:359)
org.testng.SuiteRunner.runSequentially(SuiteRunner.java:354)
org.testng.SuiteRunner.privateRun(SuiteRunner.java:312)
org.testng.SuiteRunner.run(SuiteRunner.java:261)
org.testng.SuiteRunnerWorker.runSuite(SuiteRunnerWorker.java:52)
org.testng.SuiteRunnerWorker.run(SuiteRunnerWorker.java:86)
org.testng.TestNG.runSuitesSequentially(TestNG.java:1215)
org.testng.TestNG.runSuitesLocally(TestNG.java:1140)
org.testng.TestNG.run(TestNG.java:1048)
org.testng.remote.AbstractRemoteTestNG.run(AbstractRemoteTestNG.java:115)
org.testng.remote.RemoteTestNG.initAndRun(RemoteTestNG.java:251)
org.testng.remote.RemoteTestNG.main(RemoteTestNG.java:77)
2020-03-31 01:51:50 Messager [INFO] INFO: '**************** Test execution summary ****************'.
2020-03-31 01:51:51 Messager [INFO] RESULT #1: TEST [Default test - test] FAIL [log={must_override}/1585599709896/a1e0fa31-2a16-4c02-a00e-977dbef6ece0/test.log]
2020-03-31 01:55:39 CarinaListener [INFO] 
============= Test configuration =============
url={must_override}
env=
env_arg_resolver=com.qaprosoft.carina.core.foundation.utils.DefaultEnvArgResolver
browser=
browser_version=
browser_language=
selenium_host={must_override}
driver_event_listeners=
max_driver_count=3
custom_capabilities=
chrome_args=
chrome_experimental_opts=
chrome_mobile_emulation_opts=
firefox_args=
firefox_preferences=
app_version=
proxy_host=
proxy_port=
proxy_protocols=http,https,ftp
no_proxy=
browsermob_proxy=false
browsermob_host=
browsermob_port=0
browsermob_ports_range=
browsermob_disabled_mitm=false
proxy_set_to_system=false
report_url={must_override}
email_list={must_override}
failure_email_list=
track_known_issues=false
auto_screenshot=true
explicit_timeout=20
auto_download=false
auto_download_apps=
custom_artifacts_folder=
retry_interval=5
project_report_directory=../reports/qa
max_screen_history=10
max_log_file_size=150
result_sorting=true
big_screen_width=-1
big_screen_height=-1
small_screen_width=90
small_screen_height=60
init_retry_count=0
init_retry_interval=1
retry_count=0
enable_l10n=true
l10n_encoding=ISO-8859-1
locale=en_US
enable_i18n=true
language=en_US
thread_count=-1
data_provider_thread_count=-1
core_log_level=INFO
core_log_packages=com.qaprosoft.carina.core
artifacts_expiration_seconds=2592000
log_all_json=true
date_format=HH:mm:ss yyyy-MM-dd
time_format=HH:mm:ss
suite_name=
jira_updater=com.qaprosoft.carina.core.foundation.jira.DefaultJiraUpdater
jira_url=
jira_user=
jira_password=
jira_suite_id=
jira_project=
jira_project_short=
jira_create_new_ticket=false
test_naming_pattern={method_name}
testrail_run_name=
testrail_milestone=
testrail_assignee=
qtest_cycle_name=DailyAutomation
qtest_suite_name=
s3_bucket_name=
access_key_id=
secret_key=
s3_use_presign_url=false
s3_local_storage=.
appcenter_token=
appcenter_local_storage=.
add_new_localization=false
add_new_localization_encoding=utf-8
add_new_localization_path=
add_new_localization_property_name=new_custom_messages_
tls_keysecure_location=
health_check_class=
health_check_methods=
uninstall_related_apps=false
default_device_timezone=GMT
default_device_time_format=24
default_device_language=en_US
android_screen_record_size=
android_screen_record_bitrate=1000000
android_enable_bug_report=true
ios_screen_record_quality=MEDIUM
ios_screen_record_codec=libx264
ios_screen_record_fps=10
screen_record_duration=180
video_scale=-2:720
ignore_ssl=false
test_run_rules=
hub_mode=selenium
extract_sys_log=false
selenium_host={must_override}

------------- Driver capabilities -----------
================================================

2020-03-31 01:55:39 CarinaListener [INFO] Set thread_count=1
2020-03-31 01:55:39 CarinaListener [INFO] Set data_provider_thread_count=1
2020-03-31 01:55:39 CarinaListener [INFO] CARINA_CORE_VERSION: 6.3.31
2020-03-31 01:55:39 Messager [ERROR]  TEST [Default test - test] FAILED at [01:55:39 2020-03-31] - org.testng.internal.TestResult.getParameterIndex()I

com.qaprosoft.carina.core.foundation.utils.naming.TestNamingUtil.associateTestInfo2Thread(TestNamingUtil.java:48)
com.qaprosoft.carina.core.foundation.listeners.AbstractTestListener.startItem(AbstractTestListener.java:58)
com.qaprosoft.carina.core.foundation.listeners.AbstractTestListener.onTestStart(AbstractTestListener.java:294)
com.qaprosoft.carina.core.foundation.listeners.CarinaListener.onTestStart(CarinaListener.java:315)
org.testng.internal.Invoker.runTestListeners(Invoker.java:1695)
org.testng.internal.Invoker.runTestListeners(Invoker.java:1670)
org.testng.internal.Invoker.invokeMethod(Invoker.java:615)
org.testng.internal.Invoker.invokeTestMethod(Invoker.java:816)
org.testng.internal.Invoker.invokeTestMethods(Invoker.java:1124)
org.testng.internal.TestMethodWorker.invokeTestMethods(TestMethodWorker.java:125)
org.testng.internal.TestMethodWorker.run(TestMethodWorker.java:108)
org.testng.TestRunner.privateRun(TestRunner.java:774)
org.testng.TestRunner.run(TestRunner.java:624)
org.testng.SuiteRunner.runTest(SuiteRunner.java:359)
org.testng.SuiteRunner.runSequentially(SuiteRunner.java:354)
org.testng.SuiteRunner.privateRun(SuiteRunner.java:312)
org.testng.SuiteRunner.run(SuiteRunner.java:261)
org.testng.SuiteRunnerWorker.runSuite(SuiteRunnerWorker.java:52)
org.testng.SuiteRunnerWorker.run(SuiteRunnerWorker.java:86)
org.testng.TestNG.runSuitesSequentially(TestNG.java:1215)
org.testng.TestNG.runSuitesLocally(TestNG.java:1140)
org.testng.TestNG.run(TestNG.java:1048)
org.testng.remote.AbstractRemoteTestNG.run(AbstractRemoteTestNG.java:115)
org.testng.remote.RemoteTestNG.initAndRun(RemoteTestNG.java:251)
org.testng.remote.RemoteTestNG.main(RemoteTestNG.java:77)
2020-03-31 01:55:40 Messager [ERROR]  TEST [Default test - test] FAILED at [01:55:40 2020-03-31] - org.testng.internal.TestResult.getParameterIndex()I

com.qaprosoft.carina.core.foundation.utils.naming.TestNamingUtil.associateTestInfo2Thread(TestNamingUtil.java:48)
com.qaprosoft.carina.core.foundation.listeners.AbstractTestListener.startItem(AbstractTestListener.java:58)
com.qaprosoft.carina.core.foundation.listeners.AbstractTestListener.onTestStart(AbstractTestListener.java:294)
com.qaprosoft.carina.core.foundation.listeners.CarinaListener.onTestStart(CarinaListener.java:315)
org.testng.internal.Invoker.runTestListeners(Invoker.java:1695)
org.testng.internal.Invoker.runTestListeners(Invoker.java:1670)
org.testng.internal.Invoker.invokeMethod(Invoker.java:615)
org.testng.internal.Invoker.invokeTestMethod(Invoker.java:816)
org.testng.internal.Invoker.invokeTestMethods(Invoker.java:1124)
org.testng.internal.TestMethodWorker.invokeTestMethods(TestMethodWorker.java:125)
org.testng.internal.TestMethodWorker.run(TestMethodWorker.java:108)
org.testng.TestRunner.privateRun(TestRunner.java:774)
org.testng.TestRunner.run(TestRunner.java:624)
org.testng.SuiteRunner.runTest(SuiteRunner.java:359)
org.testng.SuiteRunner.runSequentially(SuiteRunner.java:354)
org.testng.SuiteRunner.privateRun(SuiteRunner.java:312)
org.testng.SuiteRunner.run(SuiteRunner.java:261)
org.testng.SuiteRunnerWorker.runSuite(SuiteRunnerWorker.java:52)
org.testng.SuiteRunnerWorker.run(SuiteRunnerWorker.java:86)
org.testng.TestNG.runSuitesSequentially(TestNG.java:1215)
org.testng.TestNG.runSuitesLocally(TestNG.java:1140)
org.testng.TestNG.run(TestNG.java:1048)
org.testng.remote.AbstractRemoteTestNG.run(AbstractRemoteTestNG.java:115)
org.testng.remote.RemoteTestNG.initAndRun(RemoteTestNG.java:251)
org.testng.remote.RemoteTestNG.main(RemoteTestNG.java:77)
2020-03-31 01:55:40 Messager [INFO] INFO: '**************** Test execution summary ****************'.
2020-03-31 01:55:40 Messager [INFO] RESULT #1: TEST [Default test - test] FAIL [log={must_override}/1585599939195/5e2841ec-e2c0-4cf0-901f-230f059884fd/test.log]
